<?xml version="1.0" encoding="UTF-8"?>
<!-- Generated by org.testng.reporters.JUnitReportReporter -->
<testsuite hostname="Armans-MacBook-Air.local" failures="0" tests="2" name="Demo.Maven.pageFactory_Tests" time="7.266" errors="0" timestamp="01 Apr 2022 15:28:07 GMT" skipped="0">
  <testcase classname="Demo.Maven.pageFactory_Tests" name="login_Negative" time="3.156"/>
  <testcase classname="Demo.Maven.pageFactory_Tests" name="login_Positive" time="4.110"/>
</testsuite> <!-- Demo.Maven.pageFactory_Tests -->
