<?xml version="1.0" encoding="UTF-8"?>
<!-- Generated by org.testng.reporters.JUnitReportReporter -->
<testsuite skipped="0" hostname="DESKTOP-NJ9A4GN" name="Demo.Maven.Test_DemoOpenCart" tests="4" failures="0" timestamp="06 Sep 2021 04:48:15 GMT" time="10.573" errors="0">
  <testcase name="loginTest_Positive" time="10.570" classname="Demo.Maven.Test_DemoOpenCart"/>
  <testcase name="secondTest" time="0.001" classname="Demo.Maven.Test_DemoOpenCart"/>
  <testcase name="thirdTest" time="0.001" classname="Demo.Maven.Test_DemoOpenCart"/>
  <testcase name="fourthTest" time="0.001" classname="Demo.Maven.Test_DemoOpenCart"/>
</testsuite> <!-- Demo.Maven.Test_DemoOpenCart -->
